<?xml version="1.0" encoding="UTF-8" ?>
<testsuites>
  <testsuite errors="0" failures="1" hostname="Vidys-MacBook-Air-3.local" id="0" name="MatrixTest" package="MatrixPackage" skipped="0" tests="28" time="0.104" timestamp="2023-11-29T06:55:04">
      <properties>
[...]
</properties>

      <testcase classname="MatrixPackage.MatrixTest" name="testAreDiagonal" time="0.002" />

      <testcase classname="MatrixPackage.MatrixTest" name="testRequireNonEmpty" time="0.001" />

      <testcase classname="MatrixPackage.MatrixTest" name="testCause" time="0.0" />

      <testcase classname="MatrixPackage.MatrixTest" name="testTimes" time="0.023" />

      <testcase classname="MatrixPackage.MatrixTest" name="testValue" time="0.0" />

      <testcase classname="MatrixPackage.MatrixTest" name="testFrom" time="0.001" />

      <testcase classname="MatrixPackage.MatrixTest" name="testPlus" time="0.002" />

      <testcase classname="MatrixPackage.MatrixTest" name="testSize" time="0.003" />

      <testcase classname="MatrixPackage.MatrixTest" name="testToString" time="0.0" />

      <testcase classname="MatrixPackage.MatrixTest" name="testCompareTo" time="0.0" />

      <testcase classname="MatrixPackage.MatrixTest" name="testValueTwo" time="0.0" />

      <testcase classname="MatrixPackage.MatrixTest" name="testSparseConstant" time="0.003" />

      <testcase classname="MatrixPackage.MatrixTest" name="testSparseIdentity" time="0.0" />

      <testcase classname="MatrixPackage.MatrixTest" name="testValueaTwo" time="0.001" />

      <testcase classname="MatrixPackage.MatrixTest" name="testConvertToSparse" time="0.004">
          <failure message="expected:&lt;null&gt; but was:&lt;0&gt;" type="junit.framework.AssertionFailedError">junit.framework.AssertionFailedError: expected:&lt;null&gt; but was:&lt;0&gt;
	at org.junit.Assert.fail(Assert.java:89)
	at org.junit.Assert.failNotEquals(Assert.java:835)
	at org.junit.Assert.assertEquals(Assert.java:120)
	at org.junit.Assert.assertEquals(Assert.java:146)
	at MatrixPackage.MatrixTest.testConvertToSparse(MatrixTest.java:263)
	at java.base/jdk.internal.reflect.NativeMethodAccessorImpl.invoke0(Native Method)
	at java.base/jdk.internal.reflect.NativeMethodAccessorImpl.invoke(NativeMethodAccessorImpl.java:77)
	at java.base/jdk.internal.reflect.DelegatingMethodAccessorImpl.invoke(DelegatingMethodAccessorImpl.java:43)
	at java.base/java.lang.reflect.Method.invoke(Method.java:568)
	at org.junit.runners.model.FrameworkMethod$1.runReflectiveCall(FrameworkMethod.java:59)
	at org.junit.internal.runners.model.ReflectiveCallable.run(ReflectiveCallable.java:12)
	at org.junit.runners.model.FrameworkMethod.invokeExplosively(FrameworkMethod.java:56)
	at org.junit.internal.runners.statements.InvokeMethod.evaluate(InvokeMethod.java:17)
	at org.junit.runners.ParentRunner$3.evaluate(ParentRunner.java:306)
	at org.junit.runners.BlockJUnit4ClassRunner$1.evaluate(BlockJUnit4ClassRunner.java:100)
	at org.junit.runners.ParentRunner.runLeaf(ParentRunner.java:366)
	at org.junit.runners.BlockJUnit4ClassRunner.runChild(BlockJUnit4ClassRunner.java:103)
	at org.junit.runners.BlockJUnit4ClassRunner.runChild(BlockJUnit4ClassRunner.java:63)
	at org.junit.runners.ParentRunner$4.run(ParentRunner.java:331)
	at org.junit.runners.ParentRunner$1.schedule(ParentRunner.java:79)
	at org.junit.runners.ParentRunner.runChildren(ParentRunner.java:329)
	at org.junit.runners.ParentRunner.access$100(ParentRunner.java:66)
	at org.junit.runners.ParentRunner$2.evaluate(ParentRunner.java:293)
	at org.junit.runners.ParentRunner$3.evaluate(ParentRunner.java:306)
	at org.junit.runners.ParentRunner.run(ParentRunner.java:413)
	at junit.framework.JUnit4TestAdapter.run(JUnit4TestAdapter.java:50)
	at org.apache.tools.ant.taskdefs.optional.junit.JUnitTestRunner.run(JUnitTestRunner.java:535)
	at org.apache.tools.ant.taskdefs.optional.junit.JUnitTestRunner.launch(JUnitTestRunner.java:1197)
	at org.apache.tools.ant.taskdefs.optional.junit.JUnitTestRunner.main(JUnitTestRunner.java:1042)
</failure>

      </testcase>

      <testcase classname="MatrixPackage.MatrixTest" name="testConstant" time="0.0" />

      <testcase classname="MatrixPackage.MatrixTest" name="testStreamTwo" time="0.0" />

      <testcase classname="MatrixPackage.MatrixTest" name="testIdentity" time="0.0" />

      <testcase classname="MatrixPackage.MatrixTest" name="testSparseSize" time="0.0" />

      <testcase classname="MatrixPackage.MatrixTest" name="testRequireDiagonal" time="0.001" />

      <testcase classname="MatrixPackage.MatrixTest" name="testStreamThree" time="0.0" />

      <testcase classname="MatrixPackage.MatrixTest" name="testInstance" time="0.0" />

      <testcase classname="MatrixPackage.MatrixTest" name="testValueThree" time="0.0" />

      <testcase classname="MatrixPackage.MatrixTest" name="testMatrixToString" time="0.0" />

      <testcase classname="MatrixPackage.MatrixTest" name="testLength" time="0.0" />

      <testcase classname="MatrixPackage.MatrixTest" name="testInstanceTwo" time="0.0" />

      <testcase classname="MatrixPackage.MatrixTest" name="testRequireMatchingSize" time="0.001" />

      <testcase classname="MatrixPackage.MatrixTest" name="testStream" time="0.0" />

      <system-out><![CDATA[]]></system-out>

      <system-err><![CDATA[]]></system-err>

  </testsuite>
  <testsuite errors="0" failures="0" hostname="Vidys-MacBook-Air-3.local" id="1" name="PolynomialTest" package="RingPackage" skipped="0" tests="3" time="0.06" timestamp="2023-11-29T06:55:05">
      <properties>
[...]
</properties>

      <testcase classname="RingPackage.PolynomialTest" name="testInterpolatingPolynonial" time="0.007" />

      <testcase classname="RingPackage.PolynomialTest" name="testTimes" time="0.0" />

      <testcase classname="RingPackage.PolynomialTest" name="testToString" time="0.001" />

      <system-out><![CDATA[]]></system-out>

      <system-err><![CDATA[]]></system-err>

  </testsuite>
  <testsuite errors="0" failures="0" hostname="Vidys-MacBook-Air-3.local" id="2" name="RingTest" package="RingPackage" skipped="0" tests="4" time="0.058" timestamp="2023-11-29T06:55:05">
      <properties>
[...]
</properties>

      <testcase classname="RingPackage.RingTest" name="testSum" time="0.006" />

      <testcase classname="RingPackage.RingTest" name="testRings" time="0.001" />

      <testcase classname="RingPackage.RingTest" name="testProduct" time="0.001" />

      <testcase classname="RingPackage.RingTest" name="testPolynomialIdentity" time="0.001" />

      <system-out><![CDATA[]]></system-out>

      <system-err><![CDATA[]]></system-err>

  </testsuite>
</testsuites>
