<?xml version="1.0" encoding="UTF-8" ?>
<testsuites>
  <testsuite errors="0" failures="0" hostname="Vidys-MacBook-Air-3.local" id="0" name="MatrixTest" package="MatrixPackage" skipped="0" tests="22" time="0.104" timestamp="2023-11-27T20:23:43">
      <properties>
[...]
</properties>

      <testcase classname="MatrixPackage.MatrixTest" name="testAreDiagonal" time="0.001" />

      <testcase classname="MatrixPackage.MatrixTest" name="testRequireNonEmpty" time="0.001" />

      <testcase classname="MatrixPackage.MatrixTest" name="testCause" time="0.0" />

      <testcase classname="MatrixPackage.MatrixTest" name="testTimes" time="0.027" />

      <testcase classname="MatrixPackage.MatrixTest" name="testValue" time="0.0" />

      <testcase classname="MatrixPackage.MatrixTest" name="testFrom" time="0.0" />

      <testcase classname="MatrixPackage.MatrixTest" name="testPlus" time="0.002" />

      <testcase classname="MatrixPackage.MatrixTest" name="testSize" time="0.003" />

      <testcase classname="MatrixPackage.MatrixTest" name="testToString" time="0.0" />

      <testcase classname="MatrixPackage.MatrixTest" name="testCompareTo" time="0.0" />

      <testcase classname="MatrixPackage.MatrixTest" name="testValueTwo" time="0.0" />

      <testcase classname="MatrixPackage.MatrixTest" name="testValueaTwo" time="0.001" />

      <testcase classname="MatrixPackage.MatrixTest" name="testConstant" time="0.0" />

      <testcase classname="MatrixPackage.MatrixTest" name="testStreamTwo" time="0.001" />

      <testcase classname="MatrixPackage.MatrixTest" name="testIdentity" time="0.0" />

      <testcase classname="MatrixPackage.MatrixTest" name="testStreamThree" time="0.001" />

      <testcase classname="MatrixPackage.MatrixTest" name="testInstance" time="0.0" />

      <testcase classname="MatrixPackage.MatrixTest" name="testValueThree" time="0.001" />

      <testcase classname="MatrixPackage.MatrixTest" name="testMatrixToString" time="0.0" />

      <testcase classname="MatrixPackage.MatrixTest" name="testLength" time="0.0" />

      <testcase classname="MatrixPackage.MatrixTest" name="testInstanceTwo" time="0.001" />

      <testcase classname="MatrixPackage.MatrixTest" name="testStream" time="0.0" />

      <system-out><![CDATA[]]></system-out>

      <system-err><![CDATA[]]></system-err>

  </testsuite>
</testsuites>
