<?xml version="1.0" encoding="UTF-8" ?>
<testsuite errors="0" failures="0" hostname="Vidys-MacBook-Air-3.local" name="RingPackage.PolynomialTest" skipped="0" tests="3" time="0.063" timestamp="2023-11-29T18:40:01">
  <properties>
[...]
</properties>
  <testcase classname="RingPackage.PolynomialTest" name="testInterpolatingPolynonial" time="0.008" />
  <testcase classname="RingPackage.PolynomialTest" name="testTimes" time="0.0" />
  <testcase classname="RingPackage.PolynomialTest" name="testToString" time="0.002" />
  <system-out><![CDATA[]]></system-out>
  <system-err><![CDATA[]]></system-err>
</testsuite>
